[2023-10-08 15:04:00,023: INFO: common: yaml file: config\config.yaml loaded successfully]
[2023-10-08 15:04:00,040: INFO: common: yaml file: params.yaml loaded successfully]
[2023-10-08 15:04:00,040: INFO: common: created directory at: artifacts]
[2023-10-08 15:04:00,041: INFO: common: created directory at: artifacts/data_ingestion]
[2023-10-08 15:04:00,042: INFO: 986331348: Downloading data from https://drive.google.com/file/d/1vlhZ5c7abUKF8xXERIw6m9Te8fW7ohw3/view?usp=sharing into file artifacts/data_ingestion/data.zip]
[2023-10-08 15:04:06,902: INFO: 986331348: Downloaded data from https://drive.google.com/file/d/1vlhZ5c7abUKF8xXERIw6m9Te8fW7ohw3/view?usp=sharing into file artifacts/data_ingestion/data.zip]
[2023-10-09 07:44:24,046: INFO: common: yaml file: config\config.yaml loaded successfully]
[2023-10-09 07:44:24,052: INFO: common: yaml file: params.yaml loaded successfully]
[2023-10-09 07:44:24,053: INFO: common: created directory at: artifacts]
[2023-10-09 07:44:24,055: INFO: common: created directory at: artifacts/prepare_base_model]
[2023-10-09 07:44:31,011: WARNING: saving_utils: Compiled the loaded model, but the compiled metrics have yet to be built. `model.compile_metrics` will be empty until you train or evaluate the model.]
[2023-10-09 07:47:38,062: INFO: common: yaml file: config\config.yaml loaded successfully]
[2023-10-09 07:47:38,071: INFO: common: yaml file: params.yaml loaded successfully]
[2023-10-09 07:47:38,072: INFO: common: created directory at: artifacts]
[2023-10-09 07:47:38,073: INFO: common: created directory at: artifacts\training]
[2023-10-09 08:23:03,060: INFO: common: yaml file: config\config.yaml loaded successfully]
[2023-10-09 08:23:03,065: INFO: common: yaml file: params.yaml loaded successfully]
[2023-10-09 08:23:03,065: INFO: common: created directory at: artifacts]
[2023-10-09 08:23:08,789: INFO: common: json file saved at: scores.json]
[2023-10-09 08:23:09,662: WARNING: save: Found untraced functions such as _jit_compiled_convolution_op, _jit_compiled_convolution_op, _jit_compiled_convolution_op, _jit_compiled_convolution_op, _jit_compiled_convolution_op while saving (showing 5 of 14). These functions will not be directly callable after loading.]
[2023-10-09 08:23:10,122: INFO: builder_impl: Assets written to: C:\Users\maste\AppData\Local\Temp\tmpj27mk0n7\model\data\model\assets]
[2023-10-09 08:23:15,842: INFO: dir_util: creating D:\Github Projects\Kidney-Disease-Classification-using-MLFlow-and-DVC\mlruns\0\71db74be7eae46f9b7e208a23e261412\artifacts\model\data]
[2023-10-09 08:23:15,842: INFO: dir_util: creating D:\Github Projects\Kidney-Disease-Classification-using-MLFlow-and-DVC\mlruns\0\71db74be7eae46f9b7e208a23e261412\artifacts\model\data\model]
[2023-10-09 08:23:15,842: INFO: dir_util: creating D:\Github Projects\Kidney-Disease-Classification-using-MLFlow-and-DVC\mlruns\0\71db74be7eae46f9b7e208a23e261412\artifacts\model\data\model\assets]
[2023-10-09 08:23:15,846: INFO: dir_util: creating D:\Github Projects\Kidney-Disease-Classification-using-MLFlow-and-DVC\mlruns\0\71db74be7eae46f9b7e208a23e261412\artifacts\model\data\model\variables]
[2023-10-09 08:33:25,206: INFO: common: yaml file: config\config.yaml loaded successfully]
[2023-10-09 08:33:25,207: INFO: common: yaml file: params.yaml loaded successfully]
[2023-10-09 08:33:25,208: INFO: common: created directory at: artifacts]
[2023-10-09 08:33:30,419: INFO: common: json file saved at: scores.json]
[2023-10-09 08:33:31,352: WARNING: save: Found untraced functions such as _jit_compiled_convolution_op, _jit_compiled_convolution_op, _jit_compiled_convolution_op, _jit_compiled_convolution_op, _jit_compiled_convolution_op while saving (showing 5 of 14). These functions will not be directly callable after loading.]
[2023-10-09 08:33:31,730: INFO: builder_impl: Assets written to: C:\Users\maste\AppData\Local\Temp\tmppa5i72h3\model\data\model\assets]
[2023-10-09 08:33:36,294: INFO: dir_util: creating D:\Github Projects\Kidney-Disease-Classification-using-MLFlow-and-DVC\mlruns\0\e16bd79ce3284b35bcf712e8ae028a19\artifacts\model\data]
[2023-10-09 08:33:36,296: INFO: dir_util: creating D:\Github Projects\Kidney-Disease-Classification-using-MLFlow-and-DVC\mlruns\0\e16bd79ce3284b35bcf712e8ae028a19\artifacts\model\data\model]
[2023-10-09 08:33:36,297: INFO: dir_util: creating D:\Github Projects\Kidney-Disease-Classification-using-MLFlow-and-DVC\mlruns\0\e16bd79ce3284b35bcf712e8ae028a19\artifacts\model\data\model\assets]
[2023-10-09 08:33:36,298: INFO: dir_util: creating D:\Github Projects\Kidney-Disease-Classification-using-MLFlow-and-DVC\mlruns\0\e16bd79ce3284b35bcf712e8ae028a19\artifacts\model\data\model\variables]
[2023-10-09 08:46:51,617: INFO: common: yaml file: config\config.yaml loaded successfully]
[2023-10-09 08:46:51,619: INFO: common: yaml file: params.yaml loaded successfully]
[2023-10-09 08:46:51,620: INFO: common: created directory at: artifacts]
[2023-10-09 08:46:56,828: INFO: common: json file saved at: scores.json]
[2023-10-09 08:47:08,946: WARNING: save: Found untraced functions such as _jit_compiled_convolution_op, _jit_compiled_convolution_op, _jit_compiled_convolution_op, _jit_compiled_convolution_op, _jit_compiled_convolution_op while saving (showing 5 of 14). These functions will not be directly callable after loading.]
[2023-10-09 08:47:09,301: INFO: builder_impl: Assets written to: C:\Users\maste\AppData\Local\Temp\tmpeh1kgf2x\model\data\model\assets]
[2023-10-09 08:51:53,108: INFO: common: yaml file: config\config.yaml loaded successfully]
[2023-10-09 08:51:53,110: INFO: common: yaml file: params.yaml loaded successfully]
[2023-10-09 08:51:53,111: INFO: common: created directory at: artifacts]
[2023-10-09 08:51:58,332: INFO: common: json file saved at: scores.json]
[2023-10-09 08:52:01,878: WARNING: save: Found untraced functions such as _jit_compiled_convolution_op, _jit_compiled_convolution_op, _jit_compiled_convolution_op, _jit_compiled_convolution_op, _jit_compiled_convolution_op while saving (showing 5 of 14). These functions will not be directly callable after loading.]
[2023-10-09 08:52:02,336: INFO: builder_impl: Assets written to: C:\Users\maste\AppData\Local\Temp\tmpngie38k0\model\data\model\assets]
[2023-10-09 09:11:15,270: INFO: common: yaml file: config\config.yaml loaded successfully]
[2023-10-09 09:11:15,270: INFO: common: yaml file: params.yaml loaded successfully]
[2023-10-09 09:11:15,270: INFO: common: created directory at: artifacts]
[2023-10-09 09:11:15,277: INFO: common: created directory at: artifacts\training]
[2023-10-09 09:11:40,565: INFO: common: yaml file: config\config.yaml loaded successfully]
[2023-10-09 09:11:40,566: INFO: common: yaml file: params.yaml loaded successfully]
[2023-10-09 09:11:40,567: INFO: common: created directory at: artifacts]
[2023-10-09 09:11:45,967: INFO: common: json file saved at: scores.json]
[2023-10-09 09:11:49,999: WARNING: save: Found untraced functions such as _jit_compiled_convolution_op, _jit_compiled_convolution_op, _jit_compiled_convolution_op, _jit_compiled_convolution_op, _jit_compiled_convolution_op while saving (showing 5 of 14). These functions will not be directly callable after loading.]
[2023-10-09 09:11:50,436: INFO: builder_impl: Assets written to: C:\Users\maste\AppData\Local\Temp\tmpxa7fsy2_\model\data\model\assets]
